SpeedTracker/Wearable/build/intermediates/manifest_merge_blame_file/debug/manifest-merger-blame-debug-report.txt
1<?xml version="1.0" encoding="utf-8"?>
2<!--
3 Copyright (C) 2014 The Android Open Source Project
4
5     Licensed under the Apache License, Version 2.0 (the "License");
6     you may not use this file except in compliance with the License.
7     You may obtain a copy of the License at
8
9          http://www.apache.org/licenses/LICENSE-2.0
10
11     Unless required by applicable law or agreed to in writing, software
12     distributed under the License is distributed on an "AS IS" BASIS,
13     WITHOUT WARRANTIES OR CONDITIONS OF ANY KIND, either express or implied.
14     See the License for the specific language governing permissions and
15     limitations under the License.
16-->
17<manifest xmlns:android="http://schemas.android.com/apk/res/android"
18    package="com.example.android.wearable.speedtracker"
19    android:versionCode="1"
20    android:versionName="1.0" >
21
22    <uses-sdk
23        android:minSdkVersion="23"
23-->src/main/AndroidManifest.xml
24        android:targetSdkVersion="28" />
24-->src/main/AndroidManifest.xml
25
26    <uses-feature android:name="android.hardware.type.watch" />
26-->src/main/AndroidManifest.xml:20:5-63
26-->src/main/AndroidManifest.xml:20:19-61
27    <uses-feature
27-->src/main/AndroidManifest.xml:21:5-91
28        android:name="android.hardware.location.gps"
28-->src/main/AndroidManifest.xml:21:19-63
29        android:required="false" />
29-->src/main/AndroidManifest.xml:21:64-88
30
31    <uses-permission android:name="android.permission.ACCESS_FINE_LOCATION" />
31-->src/main/AndroidManifest.xml:22:5-78
31-->src/main/AndroidManifest.xml:22:22-76
32    <uses-permission android:name="android.permission.WAKE_LOCK" />
32-->src/main/AndroidManifest.xml:23:5-68
32-->src/main/AndroidManifest.xml:23:22-65
33
34    <application
34-->src/main/AndroidManifest.xml:25:5-54:19
35        android:allowBackup="true"
35-->src/main/AndroidManifest.xml:26:9-35
36        android:appComponentFactory="androidx.core.app.CoreComponentFactory"
36-->[androidx.core:core:1.0.0] AndroidManifest.xml:22:18-86
37        android:debuggable="true"
38        android:extractNativeLibs="false"
39        android:icon="@drawable/ic_launcher"
39-->src/main/AndroidManifest.xml:27:9-45
40        android:label="@string/app_name"
40-->src/main/AndroidManifest.xml:28:9-41
41        android:testOnly="true"
42        android:theme="@android:style/Theme.DeviceDefault" >
42-->src/main/AndroidManifest.xml:29:9-59
43        <meta-data
43-->src/main/AndroidManifest.xml:31:9-33:37
44            android:name="com.google.android.wearable.standalone"
44-->src/main/AndroidManifest.xml:32:13-66
45            android:value="false" />
45-->src/main/AndroidManifest.xml:33:13-34
46
47        <!-- If you want your app to run on pre-22, then set required to false -->
48        <uses-library
48-->src/main/AndroidManifest.xml:36:9-93
49            android:name="com.google.android.wearable"
49-->src/main/AndroidManifest.xml:36:23-65
50            android:required="false" />
50-->src/main/AndroidManifest.xml:36:66-90
51
52        <meta-data
52-->src/main/AndroidManifest.xml:38:9-39:75
53            android:name="com.google.android.gms.version"
53-->src/main/AndroidManifest.xml:38:20-65
54            android:value="@integer/google_play_services_version" />
54-->src/main/AndroidManifest.xml:39:20-73
55
56        <activity
56-->src/main/AndroidManifest.xml:40:9-47:20
57            android:name="com.example.android.wearable.speedtracker.WearableMainActivity"
57-->src/main/AndroidManifest.xml:41:13-49
58            android:label="@string/app_name" >
58-->src/main/AndroidManifest.xml:42:13-45
59            <intent-filter>
59-->src/main/AndroidManifest.xml:43:13-46:29
60                <action android:name="android.intent.action.MAIN" />
60-->src/main/AndroidManifest.xml:44:17-68
60-->src/main/AndroidManifest.xml:44:25-66
61
62                <category android:name="android.intent.category.LAUNCHER" />
62-->src/main/AndroidManifest.xml:45:17-76
62-->src/main/AndroidManifest.xml:45:27-74
63            </intent-filter>
64        </activity>
65        <activity android:name="com.example.android.wearable.speedtracker.SpeedPickerActivity" >
65-->src/main/AndroidManifest.xml:48:9-53:20
65-->src/main/AndroidManifest.xml:49:13-89
66            <intent-filter>
66-->src/main/AndroidManifest.xml:50:13-52:29
67                <action android:name="android.intent.action.MAIN" />
67-->src/main/AndroidManifest.xml:44:17-68
67-->src/main/AndroidManifest.xml:44:25-66
68            </intent-filter>
69        </activity>
70        <activity
70-->[com.google.android.gms:play-services-base:17.0.0] AndroidManifest.xml:23:9-26:75
71            android:name="com.google.android.gms.common.api.GoogleApiActivity"
71-->[com.google.android.gms:play-services-base:17.0.0] AndroidManifest.xml:24:13-79
72            android:exported="false"
72-->[com.google.android.gms:play-services-base:17.0.0] AndroidManifest.xml:25:13-37
73            android:theme="@android:style/Theme.Translucent.NoTitleBar" />
73-->[com.google.android.gms:play-services-base:17.0.0] AndroidManifest.xml:26:13-72
74    </application>
75
76</manifest>